Flow Summary report for ModelLibrary
Thu May 19 22:59:35 2016
Quartus Prime Version 15.1.2 Build 193 02/01/2016 SJ Standard Edition


---------------------
; Table of Contents ;
---------------------
  1. Legal Notice
  2. Flow Summary



----------------
; Legal Notice ;
----------------
Copyright (C) 1991-2016 Altera Corporation. All rights reserved.
Your use of Altera Corporation's design tools, logic functions 
and other software and tools, and its AMPP partner logic 
functions, and any output files from any of the foregoing 
(including device programming or simulation files), and any 
associated documentation or information are expressly subject 
to the terms and conditions of the Altera Program License 
Subscription Agreement, the Altera Quartus Prime License Agreement,
the Altera MegaCore Function License Agreement, or other 
applicable license agreement, including, without limitation, 
that your use is for the sole purpose of programming logic 
devices manufactured by Altera and sold by Altera or its 
authorized distributors.  Please refer to the applicable 
agreement for further details.



+-------------------------------------------------------------------------------------+
; Flow Summary                                                                        ;
+-----------------------------------+-------------------------------------------------+
; Flow Status                       ; Successful - Thu May 19 22:48:48 2016           ;
; Quartus Prime Version             ; 15.1.2 Build 193 02/01/2016 SJ Standard Edition ;
; Revision Name                     ; ModelLibrary                                    ;
; Top-level Entity Name             ; ModelLibrary                                    ;
; Family                            ; Stratix IV                                      ;
; Device                            ; EP4SGX530KH40C2                                 ;
; Timing Models                     ; Final                                           ;
; Logic utilization                 ; 17 %                                            ;
;     Combinational ALUTs           ; 58,271 / 424,960 ( 14 % )                       ;
;     Memory ALUTs                  ; 336 / 212,480 ( < 1 % )                         ;
;     Dedicated logic registers     ; 4,925 / 424,960 ( 1 % )                         ;
; Total registers                   ; 4925                                            ;
; Total pins                        ; 20 / 888 ( 2 % )                                ;
; Total virtual pins                ; 0                                               ;
; Total block memory bits           ; 344,064 / 21,233,664 ( 2 % )                    ;
; DSP block 18-bit elements         ; 244 / 1,024 ( 24 % )                            ;
; Total GXB Receiver Channel PCS    ; 0 / 24 ( 0 % )                                  ;
; Total GXB Receiver Channel PMA    ; 0 / 36 ( 0 % )                                  ;
; Total GXB Transmitter Channel PCS ; 0 / 24 ( 0 % )                                  ;
; Total GXB Transmitter Channel PMA ; 0 / 36 ( 0 % )                                  ;
; Total PLLs                        ; 1 / 8 ( 13 % )                                  ;
; Total DLLs                        ; 0 / 4 ( 0 % )                                   ;
+-----------------------------------+-------------------------------------------------+


